<?xml version="1.0" encoding="UTF-8"?>
<!-- Generated by org.testng.reporters.JUnitReportReporter -->
<testsuite hostname="DESKTOP-RRL37TT" failures="0" tests="1" name="Test.TestWiki" time="7.132" errors="0" timestamp="2024-09-16T10:12:19 ART" skipped="0">
  <testcase classname="Test.TestWiki" name="ValidarBusquedaWikipedia" time="7.132"/>
  <system-out/>
</testsuite> <!-- Test.TestWiki -->
